{"level":"info","message":"starting server at Thu Jun 05 2014 09:13:59 GMT-0700 (PDT)\r\n","timestamp":"2014-06-05T16:13:59.639Z"}
{"level":"info","message":"starting server at Thu Jun 05 2014 09:14:44 GMT-0700 (PDT)\r\n","timestamp":"2014-06-05T16:14:44.238Z"}
{"level":"info","message":"starting server at Thu Jun 05 2014 09:16:04 GMT-0700 (PDT)\r\n","timestamp":"2014-06-05T16:16:04.412Z"}
{"level":"info","message":"starting server at Thu Jun 05 2014 09:27:15 GMT-0700 (PDT)\r\n","timestamp":"2014-06-05T16:27:15.149Z"}
{"level":"info","message":"starting server at Thu Jun 05 2014 09:29:54 GMT-0700 (PDT)\r\n","timestamp":"2014-06-05T16:29:54.710Z"}
{"level":"info","message":"starting server at Thu Jun 05 2014 09:32:00 GMT-0700 (PDT)\r\n","timestamp":"2014-06-05T16:32:00.908Z"}
{"level":"info","message":"starting server at Thu Jun 05 2014 09:33:09 GMT-0700 (PDT)\r\n","timestamp":"2014-06-05T16:33:09.135Z"}
{"level":"info","message":"starting server at Thu Jun 05 2014 09:33:36 GMT-0700 (PDT)\r\n","timestamp":"2014-06-05T16:33:36.794Z"}
{"level":"info","message":"starting server at Thu Jun 05 2014 09:36:22 GMT-0700 (PDT)\r\n","timestamp":"2014-06-05T16:36:22.994Z"}
{"level":"info","message":"starting server at Thu Jun 05 2014 09:39:43 GMT-0700 (PDT)\r\n","timestamp":"2014-06-05T16:39:43.028Z"}
{"level":"info","message":"starting server at Thu Jun 05 2014 10:40:04 GMT-0700 (PDT)\r\n","timestamp":"2014-06-05T17:40:04.686Z"}
{"level":"info","message":"starting server at Thu Jun 05 2014 10:58:36 GMT-0700 (PDT)\r\n","timestamp":"2014-06-05T17:58:36.363Z"}
{"level":"info","message":"starting server at Thu Jun 05 2014 18:22:22 GMT-0700 (PDT)\r\n","timestamp":"2014-06-06T01:22:22.607Z"}
{"level":"info","message":"starting server at Thu Jun 05 2014 23:30:02 GMT-0700 (PDT)\r\n","timestamp":"2014-06-06T06:30:02.710Z"}
{"level":"info","message":"starting server at Thu Jun 05 2014 23:45:42 GMT-0700 (PDT)\r\n","timestamp":"2014-06-06T06:45:42.241Z"}
{"level":"info","message":"starting server at Fri Jun 06 2014 07:34:12 GMT-0700 (PDT)\r\n","timestamp":"2014-06-06T14:34:12.417Z"}
{"level":"info","message":"starting server at Fri Jun 06 2014 07:34:45 GMT-0700 (PDT)\r\n","timestamp":"2014-06-06T14:34:45.498Z"}
{"level":"info","message":"starting server at Fri Jun 06 2014 07:35:06 GMT-0700 (PDT)\r\n","timestamp":"2014-06-06T14:35:06.718Z"}
{"level":"info","message":"starting server at Fri Jun 06 2014 07:43:02 GMT-0700 (PDT)\r\n","timestamp":"2014-06-06T14:43:02.935Z"}
{"level":"info","message":"starting server at Fri Jun 06 2014 08:22:02 GMT-0700 (PDT)\r\n","timestamp":"2014-06-06T15:22:02.318Z"}
{"level":"info","message":"starting server at Fri Jun 06 2014 08:22:32 GMT-0700 (PDT)\r\n","timestamp":"2014-06-06T15:22:32.275Z"}
{"level":"info","message":"starting server at Fri Jun 06 2014 08:24:16 GMT-0700 (PDT)\r\n","timestamp":"2014-06-06T15:24:16.987Z"}
{"level":"info","message":"starting server at Fri Jun 06 2014 08:24:59 GMT-0700 (PDT)\r\n","timestamp":"2014-06-06T15:24:59.434Z"}
{"level":"info","message":"starting server at Fri Jun 06 2014 08:25:16 GMT-0700 (PDT)\r\n","timestamp":"2014-06-06T15:25:16.751Z"}
{"level":"info","message":"starting server at Fri Jun 06 2014 08:27:13 GMT-0700 (PDT)\r\n","timestamp":"2014-06-06T15:27:13.592Z"}
{"level":"info","message":"starting server at Fri Jun 06 2014 08:38:08 GMT-0700 (PDT)\r\n","timestamp":"2014-06-06T15:38:08.107Z"}
{"level":"info","message":"starting server at Fri Jun 06 2014 08:43:26 GMT-0700 (PDT)\r\n","timestamp":"2014-06-06T15:43:26.420Z"}
{"level":"info","message":"starting server at Fri Jun 06 2014 09:20:38 GMT-0700 (PDT)\r\n","timestamp":"2014-06-06T16:20:38.269Z"}
{"level":"info","message":"starting server at Fri Jun 06 2014 10:25:06 GMT-0700 (PDT)\r\n","timestamp":"2014-06-06T17:25:06.313Z"}
{"level":"info","message":"starting server at Fri Jun 06 2014 10:27:38 GMT-0700 (PDT)\r\n","timestamp":"2014-06-06T17:27:38.800Z"}
{"level":"info","message":"starting server at Fri Jun 06 2014 10:30:37 GMT-0700 (PDT)\r\n","timestamp":"2014-06-06T17:30:37.457Z"}
{"level":"info","message":"starting server at Fri Jun 06 2014 10:42:37 GMT-0700 (PDT)\r\n","timestamp":"2014-06-06T17:42:37.265Z"}
{"level":"info","message":"starting server at Fri Jun 06 2014 15:20:09 GMT-0700 (PDT)\r\n","timestamp":"2014-06-06T22:20:09.996Z"}
{"level":"info","message":"starting server at Sat Jun 07 2014 12:00:48 GMT-0700 (PDT)\r\n","timestamp":"2014-06-07T19:00:48.860Z"}
{"level":"info","message":"starting server at Sat Jun 07 2014 12:19:16 GMT-0700 (PDT)\r\n","timestamp":"2014-06-07T19:19:16.686Z"}
{"level":"info","message":"starting server at Sat Jun 07 2014 12:19:32 GMT-0700 (PDT)\r\n","timestamp":"2014-06-07T19:19:32.456Z"}
{"level":"info","message":"starting server at Sat Jun 07 2014 12:21:25 GMT-0700 (PDT)\r\n","timestamp":"2014-06-07T19:21:25.131Z"}
{"level":"info","message":"starting server at Sat Jun 07 2014 12:22:20 GMT-0700 (PDT)\r\n","timestamp":"2014-06-07T19:22:20.011Z"}
{"level":"info","message":"starting server at Sun Jun 08 2014 20:40:23 GMT-0700 (PDT)\r\n","timestamp":"2014-06-09T03:40:23.938Z"}
{"level":"info","message":"starting server at Sun Jun 08 2014 20:42:23 GMT-0700 (PDT)\r\n","timestamp":"2014-06-09T03:42:23.346Z"}
{"level":"info","message":"starting server at Sun Jun 08 2014 20:43:14 GMT-0700 (PDT)\r\n","timestamp":"2014-06-09T03:43:14.782Z"}
{"level":"info","message":"starting server at Wed Jun 11 2014 11:39:51 GMT-0700 (PDT)\r\n","timestamp":"2014-06-11T18:39:51.158Z"}
{"level":"info","message":"starting server at Thu Jun 19 2014 04:28:24 GMT-0700 (PDT)\r\n","timestamp":"2014-06-19T11:28:24.289Z"}
{"level":"info","message":"starting server at Sat Jul 12 2014 15:34:10 GMT-0700 (Pacific Daylight Time)\r\n","timestamp":"2014-07-12T22:34:10.314Z"}
{"level":"info","message":"starting server at Sat Jul 12 2014 15:54:13 GMT-0700 (Pacific Daylight Time)\r\n","timestamp":"2014-07-12T22:54:13.587Z"}
{"level":"info","message":"starting server at Sat Jul 12 2014 16:03:25 GMT-0700 (Pacific Daylight Time)\r\n","timestamp":"2014-07-12T23:03:25.461Z"}
{"level":"info","message":"starting server at Sat Jul 12 2014 16:47:14 GMT-0700 (Pacific Daylight Time)\r\n","timestamp":"2014-07-12T23:47:14.242Z"}
{"level":"info","message":"starting server at Mon Jul 14 2014 11:38:07 GMT-0700 (Pacific Daylight Time)\r\n","timestamp":"2014-07-14T18:38:07.917Z"}
